<?xml version="1.0" encoding="UTF-8"?>
<!-- Generated by org.testng.reporters.JUnitReportReporter -->
<testsuite skipped="0" hostname="sagarkumar-PC" name="testing.indexTest" tests="1" failures="0" timestamp="03 Sep 2018 10:17:38 GMT" time="0.819" errors="0">
  <testcase name="fullPageScreenShot" time="0.819" classname="testing.indexTest"/>
</testsuite> <!-- testing.indexTest -->
