<?xml version="1.0" encoding="UTF-8"?>
<!-- Generated by org.testng.reporters.JUnitReportReporter -->
<testsuite skipped="0" hostname="sagarkumar-PC" name="testing.createAccountTest" tests="1" failures="0" timestamp="01 Sep 2018 14:54:59 GMT" time="6.150" errors="0">
  <testcase name="enterToDetailsPageTest" time="6.150" classname="testing.createAccountTest"/>
</testsuite> <!-- testing.createAccountTest -->
