<?xml version="1.0" encoding="UTF-8"?>
<!-- Generated by org.testng.reporters.JUnitReportReporter -->
<testsuite skipped="0" hostname="sagarkumar-PC" name="testing.registerStepFirstPersonalTest" tests="1" failures="0" timestamp="02 Sep 2018 17:59:46 GMT" time="0.949" errors="0">
  <testcase name="personalDataformFilling" time="0.949" classname="testing.registerStepFirstPersonalTest"/>
</testsuite> <!-- testing.registerStepFirstPersonalTest -->
