<?xml version="1.0" encoding="UTF-8"?>
<!-- Generated by org.testng.reporters.JUnitReportReporter -->
<testsuite skipped="0" hostname="sagarkumar-PC" name="testing.registerStepFirstPersonalTest" tests="1" failures="0" timestamp="03 Sep 2018 06:44:47 GMT" time="1.406" errors="0">
  <testcase name="personalDataformFilling" time="1.406" classname="testing.registerStepFirstPersonalTest"/>
</testsuite> <!-- testing.registerStepFirstPersonalTest -->
