<?xml version="1.0" encoding="UTF-8"?>
<!-- Generated by org.testng.reporters.JUnitReportReporter -->
<testsuite skipped="0" hostname="sagarkumar-PC" name="testing.indexTest" tests="1" failures="0" timestamp="03 Sep 2018 06:44:47 GMT" time="0.256" errors="0">
  <testcase name="fullPageScreenShot" time="0.256" classname="testing.indexTest"/>
</testsuite> <!-- testing.indexTest -->
